<?xml version="1.0" encoding="UTF-8"?>
<!-- Generated by org.testng.reporters.JUnitXMLReporter -->
<testsuite ignored="1" hostname="Swarnas" failures="1" tests="10" name="Self Loan" time="0.175" errors="0" timestamp="2025-12-11T09:59:54 IST">
  <testcase classname="TestngFiles.getParameters" name="getBaseURL" time="0.0">
    <failure type="org.testng.TestNGException" message="
Parameter &amp;apos;BaseURL&amp;apos; is required by @Test on method getBaseURL but has not been marked @Optional or defined
in C:\Users\swarn\Gitstuff\Person B\GitDemo\packageLevel.xml">
      <![CDATA[org.testng.TestNGException: 
Parameter 'BaseURL' is required by @Test on method getBaseURL but has not been marked @Optional or defined
in C:\Users\swarn\Gitstuff\Person B\GitDemo\packageLevel.xml
at java.base/java.util.ArrayList.forEach(ArrayList.java:1596)
... Removed 27 stack frames]]>
    </failure>
  </testcase> <!-- getBaseURL -->
  <testcase classname="TestngFiles.getParameters" name="getModule" time="0.007"/>
  <testcase classname="TestngFiles.getParameters" name="getModule" time="0.003"/>
  <testcase classname="TestngFiles.getParameters" name="getModule" time="0.002"/>
  <testcase classname="TestngFiles.HomeLoan" name="MobileHomeLoanMethod" time="0.003"/>
  <testcase classname="TestngFiles.HomeLoan" name="WebHomeLoanMethod" time="0.002"/>
  <testcase classname="TestngFiles.HomeLoan" name="ApiHomeLoanMethod" time="0.002"/>
  <testcase classname="TestngFiles.InheritanceinTestng" name="ChildclassMethod" time="0.001"/>
  <testcase classname="TestngFiles.PersonalLoan" name="ApiPersonalLoanMethod" time="0.002"/>
  <testcase classname="TestngFiles.PersonalLoan" name="MobilePersonalLoanMethod" time="0.009"/>
  <testcase classname="TestngFiles.PersonalLoan" name="WebPersonalLoanMethod" time="0.0">
    <ignored/>
  </testcase> <!-- WebPersonalLoanMethod -->
</testsuite> <!-- Self Loan -->
