<?xml version="1.0" encoding="UTF-8"?>
<!-- Generated by org.testng.reporters.JUnitXMLReporter -->
<testsuite ignored="0" hostname="Swarnas" failures="0" tests="3" name="Cross Browser Testing" time="46.877" errors="0" timestamp="2025-12-19T22:57:21 IST">
  <testcase classname="HandsonWebElements.SeleniumGrid" name="chromeTesting" time="5.549"/>
  <testcase classname="HandsonWebElements.SeleniumGrid2" name="edgeTesting" time="7.12"/>
  <testcase classname="HandsonWebElements.SeleniumGrid3" name="firefoxTesting" time="46.781"/>
</testsuite> <!-- Cross Browser Testing -->
