<?xml version="1.0" encoding="UTF-8"?>
<!-- Generated by org.testng.reporters.JUnitXMLReporter -->
<testsuite ignored="1" hostname="Swarnas" failures="0" tests="3" name="Learning Module" time="0.014" errors="0" timestamp="2025-12-20T16:10:26 IST">
  <testcase classname="TestngFiles.getParameters" name="getModule" time="0.002"/>
  <testcase classname="TestngFiles.getParameters" name="getModule" time="0.002"/>
  <testcase classname="TestngFiles.getParameters" name="getModule" time="0.002"/>
  <testcase classname="TestngFiles.getParameters" name="getBaseURL" time="0.0">
    <ignored/>
  </testcase> <!-- getBaseURL -->
</testsuite> <!-- Learning Module -->
