<?xml version="1.0" encoding="UTF-8"?>
<!-- Generated by org.testng.reporters.JUnitXMLReporter -->
<testsuite ignored="1" hostname="Swarnas" failures="0" tests="3" name="Learning Module" time="0.026" errors="0" timestamp="2025-12-11T08:46:22 IST">
  <testcase classname="TestngFiles.getParameters" name="getModule" time="0.003"/>
  <testcase classname="TestngFiles.getParameters" name="getModule" time="0.004"/>
  <testcase classname="TestngFiles.getParameters" name="getModule" time="0.004"/>
  <testcase classname="TestngFiles.getParameters" name="getBaseURL" time="0.0">
    <ignored/>
  </testcase> <!-- getBaseURL -->
</testsuite> <!-- Learning Module -->
