<?xml version="1.0" encoding="UTF-8"?>
<!-- Generated by org.testng.reporters.JUnitXMLReporter -->
<testsuite ignored="3" hostname="Swarnas" failures="0" tests="6" name="Regression Testing" time="0.025" errors="0" timestamp="2025-12-07T09:19:40 IST">
  <testcase classname="TestngFiles.CarLoan" name="ApiCarLoanMethod" time="0.001"/>
  <testcase classname="TestngFiles.CarLoan" name="MobileCarLoanMethod" time="0.002"/>
  <testcase classname="TestngFiles.HomeLoan" name="MobileHomeLoanMethod" time="0.001"/>
  <testcase classname="TestngFiles.HomeLoan" name="ApiHomeLoanMethod" time="0.002"/>
  <testcase classname="TestngFiles.PersonalLoan" name="ApiPersonalLoanMethod" time="0.002"/>
  <testcase classname="TestngFiles.PersonalLoan" name="MobilePersonalLoanMethod" time="0.005"/>
  <testcase classname="TestngFiles.CarLoan" name="WebCarLoanMethod" time="0.0">
    <ignored/>
  </testcase> <!-- WebCarLoanMethod -->
  <testcase classname="TestngFiles.HomeLoan" name="WebHomeLoanMethod" time="0.0">
    <ignored/>
  </testcase> <!-- WebHomeLoanMethod -->
  <testcase classname="TestngFiles.PersonalLoan" name="WebPersonalLoanMethod" time="0.0">
    <ignored/>
  </testcase> <!-- WebPersonalLoanMethod -->
</testsuite> <!-- Regression Testing -->
