<?xml version="1.0" encoding="UTF-8"?>
<!-- Generated by org.testng.reporters.JUnitXMLReporter -->
<testsuite ignored="3" hostname="Swarnas" failures="0" tests="3" name="Self Loan" time="0.138" errors="0" timestamp="2025-12-11T10:54:50 IST">
  <testcase classname="TestngFiles.PersonalLoan" name="ApiPersonalLoanMethod" time="0.016"/>
  <testcase classname="TestngFiles.PersonalLoan" name="MobilePersonalLoanMethod" time="0.012"/>
  <testcase classname="TestngFiles.HomeLoan" name="MobileHomeLoanMethod" time="0.003"/>
  <testcase classname="TestngFiles.HomeLoan" name="WebHomeLoanMethod" time="0.0">
    <ignored/>
  </testcase> <!-- WebHomeLoanMethod -->
  <testcase classname="TestngFiles.PersonalLoan" name="WebPersonalLoanMethod" time="0.0">
    <ignored/>
  </testcase> <!-- WebPersonalLoanMethod -->
  <testcase classname="TestngFiles.HomeLoan" name="ApiHomeLoanMethod" time="0.0">
    <ignored/>
  </testcase> <!-- ApiHomeLoanMethod -->
</testsuite> <!-- Self Loan -->
