<?xml version="1.0" encoding="UTF-8"?>
<!-- Generated by org.testng.reporters.JUnitXMLReporter -->
<testsuite ignored="5" hostname="Swarnas" failures="0" tests="4" name="Self Loan" time="0.158" errors="0" timestamp="2025-12-19T20:09:18 IST">
  <testcase classname="TestngFiles.HomeLoan" name="MobileHomeLoanMethod" time="0.022"/>
  <testcase classname="TestngFiles.HomeLoan" name="ApiHomeLoanMethod" time="0.003"/>
  <testcase classname="TestngFiles.PersonalLoan" name="ApiPersonalLoanMethod" time="0.004"/>
  <testcase classname="TestngFiles.PersonalLoan" name="MobilePersonalLoanMethod" time="0.01"/>
  <testcase classname="TestngFiles.getParameters" name="getModule" time="0.0">
    <ignored/>
  </testcase> <!-- getModule -->
  <testcase classname="TestngFiles.InheritanceinTestng" name="ChildclassMethod" time="0.0">
    <ignored/>
  </testcase> <!-- ChildclassMethod -->
  <testcase classname="TestngFiles.getParameters" name="getBaseURL" time="0.0">
    <ignored/>
  </testcase> <!-- getBaseURL -->
  <testcase classname="TestngFiles.HomeLoan" name="WebHomeLoanMethod" time="0.0">
    <ignored/>
  </testcase> <!-- WebHomeLoanMethod -->
  <testcase classname="TestngFiles.PersonalLoan" name="WebPersonalLoanMethod" time="0.0">
    <ignored/>
  </testcase> <!-- WebPersonalLoanMethod -->
</testsuite> <!-- Self Loan -->
