<?xml version="1.0" encoding="UTF-8"?>
<!-- Generated by org.testng.reporters.JUnitXMLReporter -->
<testsuite ignored="7" hostname="Swarnas" failures="0" tests="2" name="Smoke Testing" time="0.068" errors="0" timestamp="2025-12-07T09:19:39 IST">
  <testcase classname="TestngFiles.HomeLoan" name="WebHomeLoanMethod" time="0.011"/>
  <testcase classname="TestngFiles.CarLoan" name="WebCarLoanMethod" time="0.001"/>
  <testcase classname="TestngFiles.HomeLoan" name="MobileHomeLoanMethod" time="0.0">
    <ignored/>
  </testcase> <!-- MobileHomeLoanMethod -->
  <testcase classname="TestngFiles.PersonalLoan" name="MobilePersonalLoanMethod" time="0.0">
    <ignored/>
  </testcase> <!-- MobilePersonalLoanMethod -->
  <testcase classname="TestngFiles.CarLoan" name="MobileCarLoanMethod" time="0.0">
    <ignored/>
  </testcase> <!-- MobileCarLoanMethod -->
  <testcase classname="TestngFiles.CarLoan" name="ApiCarLoanMethod" time="0.0">
    <ignored/>
  </testcase> <!-- ApiCarLoanMethod -->
  <testcase classname="TestngFiles.PersonalLoan" name="WebPersonalLoanMethod" time="0.0">
    <ignored/>
  </testcase> <!-- WebPersonalLoanMethod -->
  <testcase classname="TestngFiles.PersonalLoan" name="ApiPersonalLoanMethod" time="0.0">
    <ignored/>
  </testcase> <!-- ApiPersonalLoanMethod -->
  <testcase classname="TestngFiles.HomeLoan" name="ApiHomeLoanMethod" time="0.0">
    <ignored/>
  </testcase> <!-- ApiHomeLoanMethod -->
</testsuite> <!-- Smoke Testing -->
