<?xml version="1.0" encoding="UTF-8"?>
<!-- Generated by org.testng.reporters.JUnitXMLReporter -->
<testsuite ignored="5" hostname="Swarnas" failures="0" tests="1" name="Smoke Testing" time="0.125" errors="0" timestamp="2025-12-19T20:11:07 IST">
  <testcase classname="TestngFiles.HomeLoan" name="WebHomeLoanMethod" time="0.024"/>
  <testcase classname="TestngFiles.HomeLoan" name="ApiHomeLoanMethod" time="0.0">
    <ignored/>
  </testcase> <!-- ApiHomeLoanMethod -->
  <testcase classname="TestngFiles.PersonalLoan" name="ApiPersonalLoanMethod" time="0.0">
    <ignored/>
  </testcase> <!-- ApiPersonalLoanMethod -->
  <testcase classname="TestngFiles.PersonalLoan" name="MobilePersonalLoanMethod" time="0.0">
    <ignored/>
  </testcase> <!-- MobilePersonalLoanMethod -->
  <testcase classname="TestngFiles.HomeLoan" name="MobileHomeLoanMethod" time="0.0">
    <ignored/>
  </testcase> <!-- MobileHomeLoanMethod -->
  <testcase classname="TestngFiles.PersonalLoan" name="WebPersonalLoanMethod" time="0.0">
    <ignored/>
  </testcase> <!-- WebPersonalLoanMethod -->
</testsuite> <!-- Smoke Testing -->
