<?xml version="1.0" encoding="UTF-8"?>
<!-- Generated by org.testng.reporters.JUnitXMLReporter -->
<testsuite ignored="0" hostname="Swarnas" failures="1" tests="3" name="Test Listeners" time="0.134" errors="0" timestamp="2025-12-10T20:38:42 IST">
  <testcase classname="TestngFiles.CarLoan" name="ApiCarLoanMethod" time="0.011"/>
  <testcase classname="TestngFiles.CarLoan" name="MobileCarLoanMethod" time="0.004"/>
  <testcase classname="TestngFiles.CarLoan" name="WebCarLoanMethod" time="0.015">
    <failure type="java.lang.AssertionError" message="expected [true] but found [false]">
      <![CDATA[java.lang.AssertionError: expected [true] but found [false]
at TestngFiles.CarLoan.WebCarLoanMethod(CarLoan.java:26)
at java.base/java.util.ArrayList.forEach(ArrayList.java:1596)
... Removed 29 stack frames]]>
    </failure>
  </testcase> <!-- WebCarLoanMethod -->
</testsuite> <!-- Test Listeners -->
