<?xml version="1.0" encoding="UTF-8"?>
<testng-results ignored="0" total="3" passed="3" failed="0" skipped="0">
  <reporter-output>
  </reporter-output>
  <suite started-at="2026-01-04T17:58:21 IST" name="Default suite" finished-at="2026-01-04T17:58:23 IST" duration-ms="2168">
    <groups>
    </groups>
    <test started-at="2026-01-04T17:58:21 IST" name="Default test" finished-at="2026-01-04T17:58:23 IST" duration-ms="2168">
      <class name="TestngFiles.DataDrivenExcel">
        <test-method signature="retrieveExcelData(java.lang.String,java.lang.String)[pri:0, instance:TestngFiles.DataDrivenExcel@7c7a06ec]" started-at="2026-01-04T17:58:23 IST" name="retrieveExcelData" data-provider="ExcelData" finished-at="2026-01-04T17:58:23 IST" duration-ms="23" status="PASS">
          <params>
            <param index="0">
              <value>
                <![CDATA[A1]]>
              </value>
            </param>
            <param index="1">
              <value>
                <![CDATA[xxx]]>
              </value>
            </param>
          </params>
          <reporter-output>
          </reporter-output>
        </test-method> <!-- retrieveExcelData -->
        <test-method signature="retrieveExcelData(java.lang.String,java.lang.String)[pri:0, instance:TestngFiles.DataDrivenExcel@7c7a06ec]" started-at="2026-01-04T17:58:23 IST" name="retrieveExcelData" data-provider="ExcelData" finished-at="2026-01-04T17:58:23 IST" duration-ms="5" status="PASS">
          <params>
            <param index="0">
              <value>
                <![CDATA[A2]]>
              </value>
            </param>
            <param index="1">
              <value>
                <![CDATA[yyy]]>
              </value>
            </param>
          </params>
          <reporter-output>
          </reporter-output>
        </test-method> <!-- retrieveExcelData -->
        <test-method signature="retrieveExcelData(java.lang.String,java.lang.String)[pri:0, instance:TestngFiles.DataDrivenExcel@7c7a06ec]" started-at="2026-01-04T17:58:23 IST" name="retrieveExcelData" data-provider="ExcelData" finished-at="2026-01-04T17:58:23 IST" duration-ms="5" status="PASS">
          <params>
            <param index="0">
              <value>
                <![CDATA[A3]]>
              </value>
            </param>
            <param index="1">
              <value>
                <![CDATA[zzz]]>
              </value>
            </param>
          </params>
          <reporter-output>
          </reporter-output>
        </test-method> <!-- retrieveExcelData -->
      </class> <!-- TestngFiles.DataDrivenExcel -->
    </test> <!-- Default test -->
  </suite> <!-- Default suite -->
</testng-results>
