<?xml version="1.0" encoding="UTF-8"?>
<testng-results ignored="0" total="1" passed="1" failed="0" skipped="0">
  <reporter-output>
  </reporter-output>
  <suite started-at="2025-12-11T11:58:54 IST" name="Handson Practice" finished-at="2025-12-11T11:59:04 IST" duration-ms="10435">
    <groups>
    </groups>
    <test started-at="2025-12-11T11:58:54 IST" name="Web Elements" finished-at="2025-12-11T11:59:04 IST" duration-ms="10435">
      <class name="HandsonWebElements.WindowHandles">
        <test-method signature="multipleWindowHandles()[pri:0, instance:HandsonWebElements.WindowHandles@3754a4bf]" started-at="2025-12-11T11:58:54 IST" name="multipleWindowHandles" finished-at="2025-12-11T11:59:04 IST" duration-ms="10381" status="PASS">
          <reporter-output>
          </reporter-output>
        </test-method> <!-- multipleWindowHandles -->
      </class> <!-- HandsonWebElements.WindowHandles -->
    </test> <!-- Web Elements -->
  </suite> <!-- Handson Practice -->
</testng-results>
