<?xml version="1.0" encoding="UTF-8"?>
<!-- Generated by org.testng.reporters.JUnitReportReporter -->
<testsuite hostname="Swarnas" failures="0" tests="3" name="TestngFiles.HomeLoan" time="0.031" errors="0" timestamp="2025-12-19T20:11:08 IST" skipped="0">
  <testcase classname="TestngFiles.HomeLoan" name="MobileHomeLoanMethod" time="0.004"/>
  <testcase classname="TestngFiles.HomeLoan" name="ApiHomeLoanMethod" time="0.003"/>
  <testcase classname="TestngFiles.HomeLoan" name="WebHomeLoanMethod" time="0.024"/>
</testsuite> <!-- TestngFiles.HomeLoan -->
