<?xml version="1.0" encoding="UTF-8"?>
<!-- Generated by org.testng.reporters.JUnitReportReporter -->
<testsuite hostname="Swarnas" failures="0" tests="3" name="TestngFiles.DataDrivenExcel" time="0.033" errors="0" timestamp="2026-01-04T17:58:24 IST" skipped="0">
  <testcase classname="TestngFiles.DataDrivenExcel" name="retrieveExcelData" time="0.023"/>
  <testcase classname="TestngFiles.DataDrivenExcel" name="retrieveExcelData" time="0.005"/>
  <testcase classname="TestngFiles.DataDrivenExcel" name="retrieveExcelData" time="0.005"/>
</testsuite> <!-- TestngFiles.DataDrivenExcel -->
