<?xml version="1.0" encoding="UTF-8"?>
<!-- Generated by org.testng.reporters.JUnitReportReporter -->
<testsuite hostname="Swarnas" failures="0" tests="3" name="TestngFiles.PersonalLoan" time="0.028" errors="0" timestamp="2025-12-11T10:54:50 IST" skipped="1">
  <testcase classname="TestngFiles.PersonalLoan" name="ApiPersonalLoanMethod" time="0.016"/>
  <testcase classname="TestngFiles.PersonalLoan" name="MobilePersonalLoanMethod" time="0.012"/>
  <testcase classname="TestngFiles.PersonalLoan" name="WebPersonalLoanMethod">
    <skipped/>
  </testcase> <!-- WebPersonalLoanMethod -->
</testsuite> <!-- TestngFiles.PersonalLoan -->
