<?xml version="1.0" encoding="UTF-8"?>
<!-- Generated by org.testng.reporters.JUnitReportReporter -->
<testsuite hostname="Swarnas" failures="0" tests="3" name="TestngFiles.TestngFile1" time="0.024" errors="0" timestamp="2025-12-06T13:50:08 IST" skipped="0">
  <testcase classname="TestngFiles.TestngFile1" name="WebMethod" time="0.004"/>
  <testcase classname="TestngFiles.TestngFile1" name="MobileMethod" time="0.002"/>
  <testcase classname="TestngFiles.TestngFile1" name="ApiMethod" time="0.018"/>
</testsuite> <!-- TestngFiles.TestngFile1 -->
