<?xml version="1.0" encoding="UTF-8"?>
<!-- Generated by org.testng.reporters.JUnitReportReporter -->
<testsuite hostname="Swarnas" failures="0" tests="4" name="TestngFiles.PersonalLoan" time="0.015" errors="0" timestamp="2025-12-19T20:11:08 IST" skipped="2">
  <testcase classname="TestngFiles.PersonalLoan" name="ApiPersonalLoanMethod" time="0.003"/>
  <testcase classname="TestngFiles.PersonalLoan" name="MobilePersonalLoanMethod" time="0.012"/>
  <testcase classname="TestngFiles.PersonalLoan" name="WebPersonalLoanMethod">
    <skipped/>
  </testcase> <!-- WebPersonalLoanMethod -->
  <testcase classname="TestngFiles.PersonalLoan" name="WebPersonalLoanMethod">
    <skipped/>
  </testcase> <!-- WebPersonalLoanMethod -->
</testsuite> <!-- TestngFiles.PersonalLoan -->
