<?xml version="1.0" encoding="UTF-8"?>
<!-- Generated by org.testng.reporters.JUnitReportReporter -->
<testsuite hostname="Swarnas" failures="0" tests="4" name="TestngFiles.getParameters" time="0.017" errors="0" timestamp="2025-12-20T16:10:26 IST" skipped="0">
  <testcase classname="TestngFiles.getParameters" name="getModule" time="0.002"/>
  <testcase classname="TestngFiles.getParameters" name="getModule" time="0.002"/>
  <testcase classname="TestngFiles.getParameters" name="getBaseURL" time="0.011"/>
  <testcase classname="TestngFiles.getParameters" name="getModule" time="0.002"/>
</testsuite> <!-- TestngFiles.getParameters -->
